2019-05-30 17:21:08,273 +0530 [main] INFO  (BaseClass.java:30) - Url Opened
2019-05-30 17:21:08,570 +0530 [main] INFO  (LoginPageTestCase.java:16) - Username Entered
2019-05-30 17:21:08,669 +0530 [main] INFO  (LoginPageTestCase.java:18) - Password Entered
2019-05-30 17:21:09,595 +0530 [main] INFO  (LoginPageTestCase.java:23) - Login Test Opened
2019-05-31 12:38:45,571 +0530 [main] INFO  (BaseClass.java:33) - Url Opened
2019-05-31 12:38:45,776 +0530 [main] INFO  (LoginPageTestCase.java:16) - Username Entered
2019-05-31 12:38:45,856 +0530 [main] INFO  (LoginPageTestCase.java:18) - Password Entered
2019-05-31 12:38:49,572 +0530 [main] INFO  (LoginPageTestCase.java:23) - Login Test Opened
2019-05-31 12:39:21,312 +0530 [main] INFO  (BaseClass.java:33) - Url Opened
2019-05-31 12:39:21,445 +0530 [main] INFO  (LoginPageTestCase.java:16) - Username Entered
2019-05-31 12:39:21,514 +0530 [main] INFO  (LoginPageTestCase.java:18) - Password Entered
2019-05-31 12:39:25,334 +0530 [main] INFO  (LoginPageTestCase.java:23) - Login Test Opened
2019-05-31 14:44:40,479 +0530 [main] INFO  (BaseClass.java:47) - Url Opened
2019-05-31 14:44:40,638 +0530 [main] INFO  (LoginPageTestCase.java:16) - Username Entered
2019-05-31 14:44:40,714 +0530 [main] INFO  (LoginPageTestCase.java:18) - Password Entered
2019-05-31 14:44:42,373 +0530 [main] INFO  (LoginPageTestCase.java:23) - Login Test Opened
2019-05-31 15:59:11,786 +0530 [main] INFO  (BaseClass.java:47) - Url Opened
2019-05-31 15:59:13,507 +0530 [main] INFO  (LoginPageTestCase.java:16) - Username Entered
2019-05-31 15:59:13,601 +0530 [main] INFO  (LoginPageTestCase.java:18) - Password Entered
2019-05-31 15:59:20,846 +0530 [main] INFO  (LoginPageTestCase.java:23) - Login Test Opened
2019-06-03 12:28:35,599 +0530 [main] INFO  (BaseClass.java:52) - Url Opened
2019-06-03 12:28:35,787 +0530 [main] INFO  (LoginPageTestCase.java:19) - Username Entered
2019-06-03 12:28:35,872 +0530 [main] INFO  (LoginPageTestCase.java:21) - Password Entered
2019-06-03 12:28:37,504 +0530 [main] INFO  (LoginPageTestCase.java:26) - Login Test Opened
2019-06-04 12:17:44,189 +0530 [main] INFO  (BaseClass.java:52) - Url Opened
2019-06-04 12:17:44,416 +0530 [main] INFO  (LoginPageTestCase.java:19) - Username Entered
2019-06-04 12:17:44,477 +0530 [main] INFO  (LoginPageTestCase.java:21) - Password Entered
2019-06-04 12:17:46,325 +0530 [main] INFO  (LoginPageTestCase.java:26) - Login Test Opened
2019-06-04 12:23:22,060 +0530 [main] INFO  (BaseClass.java:54) - Url Opened
2019-06-04 12:23:22,403 +0530 [main] INFO  (LoginPageTestCase.java:19) - Username Entered
2019-06-04 12:23:22,487 +0530 [main] INFO  (LoginPageTestCase.java:21) - Password Entered
2019-06-04 12:23:24,434 +0530 [main] INFO  (LoginPageTestCase.java:26) - Login Test Opened
2019-06-04 12:29:21,757 +0530 [main] INFO  (BaseClass.java:54) - Url Opened
2019-06-04 12:29:21,916 +0530 [main] INFO  (LoginPageTestCase.java:19) - Username Entered
2019-06-04 12:29:21,985 +0530 [main] INFO  (LoginPageTestCase.java:21) - Password Entered
2019-06-04 12:29:25,802 +0530 [main] INFO  (LoginPageTestCase.java:26) - Login Test Opened
2019-06-04 12:30:35,367 +0530 [main] INFO  (BaseClass.java:54) - Url Opened
2019-06-04 12:30:35,526 +0530 [main] INFO  (LoginPageTestCase.java:19) - Username Entered
2019-06-04 12:30:35,598 +0530 [main] INFO  (LoginPageTestCase.java:21) - Password Entered
2019-06-04 12:30:37,286 +0530 [main] INFO  (LoginPageTestCase.java:26) - Login Test Opened
2019-06-06 12:18:46,466 +0530 [main] INFO  (BaseClass.java:54) - Url Opened
2019-06-06 12:18:46,791 +0530 [main] INFO  (LoginPageTestCase.java:19) - Username Entered
2019-06-06 12:18:46,872 +0530 [main] INFO  (LoginPageTestCase.java:21) - Password Entered
2019-06-06 12:18:48,207 +0530 [main] INFO  (LoginPageTestCase.java:26) - Login Test Successful - Positive TC
2019-06-06 12:20:04,874 +0530 [main] INFO  (BaseClass.java:54) - Url Opened
2019-06-06 12:20:05,003 +0530 [main] INFO  (LoginPageTestCase.java:19) - Username Entered
2019-06-06 12:20:05,085 +0530 [main] INFO  (LoginPageTestCase.java:21) - Password Entered
2019-06-06 12:20:06,732 +0530 [main] INFO  (LoginPageTestCase.java:26) - Login Test Successful - Positive TC
2019-06-06 12:24:00,978 +0530 [main] INFO  (BaseClass.java:54) - Url Opened
2019-06-06 12:24:01,118 +0530 [main] INFO  (LoginPageTestCase.java:19) - Username Entered
2019-06-06 12:24:01,187 +0530 [main] INFO  (LoginPageTestCase.java:21) - Password Entered
2019-06-06 12:24:02,147 +0530 [main] INFO  (LoginPageTestCase.java:26) - Login Test Successful - Positive TC
2019-06-06 12:32:21,877 +0530 [main] INFO  (BaseClass.java:54) - Url Opened
2019-06-06 12:32:22,078 +0530 [main] INFO  (LoginPageTestCase.java:19) - Username Entered
2019-06-06 12:32:22,139 +0530 [main] INFO  (LoginPageTestCase.java:21) - Password Entered
2019-06-06 12:32:23,381 +0530 [main] INFO  (LoginPageTestCase.java:30) - Enter else block after test failed
2019-06-06 12:33:45,081 +0530 [main] INFO  (BaseClass.java:54) - Url Opened
2019-06-06 12:33:45,225 +0530 [main] INFO  (LoginPageTestCase.java:19) - Username Entered
2019-06-06 12:33:45,284 +0530 [main] INFO  (LoginPageTestCase.java:21) - Password Entered
2019-06-06 12:33:46,422 +0530 [main] INFO  (LoginPageTestCase.java:30) - Enter else block after test failed
2019-06-06 12:36:40,918 +0530 [main] INFO  (BaseClass.java:54) - Url Opened
2019-06-06 12:36:41,040 +0530 [main] INFO  (LoginPageTestCase.java:19) - Username Entered
2019-06-06 12:36:41,095 +0530 [main] INFO  (LoginPageTestCase.java:21) - Password Entered
2019-06-06 12:36:42,046 +0530 [main] INFO  (LoginPageTestCase.java:30) - Enter else block after test failed
2019-06-06 12:39:08,187 +0530 [main] INFO  (BaseClass.java:54) - Url Opened
2019-06-06 12:39:08,331 +0530 [main] INFO  (LoginPageTestCase.java:19) - Username Entered
2019-06-06 12:39:08,387 +0530 [main] INFO  (LoginPageTestCase.java:21) - Password Entered
2019-06-06 12:39:37,472 +0530 [main] INFO  (BaseClass.java:54) - Url Opened
2019-06-06 12:39:37,616 +0530 [main] INFO  (LoginPageTestCase.java:19) - Username Entered
2019-06-06 12:39:37,692 +0530 [main] INFO  (LoginPageTestCase.java:21) - Password Entered
2019-06-06 12:39:56,253 +0530 [main] INFO  (BaseClass.java:54) - Url Opened
2019-06-06 12:39:56,390 +0530 [main] INFO  (LoginPageTestCase.java:19) - Username Entered
2019-06-06 12:39:56,455 +0530 [main] INFO  (LoginPageTestCase.java:21) - Password Entered
2019-06-06 12:40:25,390 +0530 [main] INFO  (LoginPageTestCase.java:30) - Enter else block after test failed
2019-06-06 12:48:16,189 +0530 [main] INFO  (BaseClass.java:54) - Url Opened
2019-06-06 12:48:17,099 +0530 [main] INFO  (LoginPageTestCase.java:19) - Username Entered
2019-06-06 12:48:17,175 +0530 [main] INFO  (LoginPageTestCase.java:21) - Password Entered
2019-06-06 12:48:30,701 +0530 [main] INFO  (LoginPageTestCase.java:30) - Enter else block after test failed
2019-06-06 12:55:38,911 +0530 [main] INFO  (BaseClass.java:54) - Url Opened
2019-06-06 12:55:39,047 +0530 [main] INFO  (LoginPageTestCase.java:19) - Username Entered
2019-06-06 12:55:39,105 +0530 [main] INFO  (LoginPageTestCase.java:21) - Password Entered
2019-06-06 12:55:40,388 +0530 [main] INFO  (LoginPageTestCase.java:30) - Enter else block after test failed
2019-06-06 15:21:33,830 +0530 [main] INFO  (BaseClass.java:54) - Url Opened
2019-06-06 15:21:34,073 +0530 [main] INFO  (LoginPageTestCase.java:19) - Username Entered
2019-06-06 15:21:34,144 +0530 [main] INFO  (LoginPageTestCase.java:21) - Password Entered
2019-06-06 15:21:35,082 +0530 [main] INFO  (LoginPageTestCase.java:31) - Enter else block after test failed
2019-06-06 15:21:37,015 +0530 [main] DEBUG (_Log4jLoggerFactory.java:45) - Couldn't find template in cache for "Extent.ftl"("en_US", UTF-8, parsed); will try to load it.
2019-06-06 15:21:37,016 +0530 [main] DEBUG (_Log4jLoggerFactory.java:45) - TemplateLoader.findTemplateSource("Extent_en_US.ftl"): Not found
2019-06-06 15:21:37,017 +0530 [main] DEBUG (_Log4jLoggerFactory.java:45) - TemplateLoader.findTemplateSource("Extent_en.ftl"): Not found
2019-06-06 15:21:37,019 +0530 [main] DEBUG (_Log4jLoggerFactory.java:45) - TemplateLoader.findTemplateSource("Extent.ftl"): Found
2019-06-06 15:21:37,020 +0530 [main] DEBUG (_Log4jLoggerFactory.java:45) - Loading template for "Extent.ftl"("en_US", UTF-8, parsed) from "jar:file:/C:/Users/AC33275/.m2/repository/com/relevantcodes/extentreports/2.41.2/extentreports-2.41.2.jar!/com/relevantcodes/extentreports/view/Extent.ftl"
2019-06-06 15:21:37,344 +0530 [main] DEBUG (_Log4jLoggerFactory.java:45) - Couldn't find template in cache for "Extent.ftl"("en_US", UTF-8, parsed); will try to load it.
2019-06-06 15:21:37,344 +0530 [main] DEBUG (_Log4jLoggerFactory.java:45) - TemplateLoader.findTemplateSource("Extent_en_US.ftl"): Not found
2019-06-06 15:21:37,345 +0530 [main] DEBUG (_Log4jLoggerFactory.java:45) - TemplateLoader.findTemplateSource("Extent_en.ftl"): Not found
2019-06-06 15:21:37,345 +0530 [main] DEBUG (_Log4jLoggerFactory.java:45) - TemplateLoader.findTemplateSource("Extent.ftl"): Found
2019-06-06 15:21:37,346 +0530 [main] DEBUG (_Log4jLoggerFactory.java:45) - Loading template for "Extent.ftl"("en_US", UTF-8, parsed) from "jar:file:/C:/Users/AC33275/.m2/repository/com/relevantcodes/extentreports/2.41.2/extentreports-2.41.2.jar!/com/relevantcodes/extentreports/view/Extent.ftl"
2019-06-06 15:28:07,314 +0530 [main] INFO  (BaseClass.java:54) - Url Opened
2019-06-06 15:28:07,455 +0530 [main] INFO  (LoginPageTestCase.java:19) - Username Entered
2019-06-06 15:28:07,551 +0530 [main] INFO  (LoginPageTestCase.java:21) - Password Entered
2019-06-06 15:28:09,444 +0530 [main] INFO  (LoginPageTestCase.java:26) - Login Test Successful - Positive TC
2019-06-06 15:28:10,369 +0530 [main] DEBUG (_Log4jLoggerFactory.java:45) - Couldn't find template in cache for "Extent.ftl"("en_US", UTF-8, parsed); will try to load it.
2019-06-06 15:28:10,370 +0530 [main] DEBUG (_Log4jLoggerFactory.java:45) - TemplateLoader.findTemplateSource("Extent_en_US.ftl"): Not found
2019-06-06 15:28:10,372 +0530 [main] DEBUG (_Log4jLoggerFactory.java:45) - TemplateLoader.findTemplateSource("Extent_en.ftl"): Not found
2019-06-06 15:28:10,373 +0530 [main] DEBUG (_Log4jLoggerFactory.java:45) - TemplateLoader.findTemplateSource("Extent.ftl"): Found
2019-06-06 15:28:10,373 +0530 [main] DEBUG (_Log4jLoggerFactory.java:45) - Loading template for "Extent.ftl"("en_US", UTF-8, parsed) from "jar:file:/C:/Users/AC33275/.m2/repository/com/relevantcodes/extentreports/2.41.2/extentreports-2.41.2.jar!/com/relevantcodes/extentreports/view/Extent.ftl"
2019-06-06 15:28:10,597 +0530 [main] DEBUG (_Log4jLoggerFactory.java:45) - Couldn't find template in cache for "Extent.ftl"("en_US", UTF-8, parsed); will try to load it.
2019-06-06 15:28:10,598 +0530 [main] DEBUG (_Log4jLoggerFactory.java:45) - TemplateLoader.findTemplateSource("Extent_en_US.ftl"): Not found
2019-06-06 15:28:10,598 +0530 [main] DEBUG (_Log4jLoggerFactory.java:45) - TemplateLoader.findTemplateSource("Extent_en.ftl"): Not found
2019-06-06 15:28:10,599 +0530 [main] DEBUG (_Log4jLoggerFactory.java:45) - TemplateLoader.findTemplateSource("Extent.ftl"): Found
2019-06-06 15:28:10,599 +0530 [main] DEBUG (_Log4jLoggerFactory.java:45) - Loading template for "Extent.ftl"("en_US", UTF-8, parsed) from "jar:file:/C:/Users/AC33275/.m2/repository/com/relevantcodes/extentreports/2.41.2/extentreports-2.41.2.jar!/com/relevantcodes/extentreports/view/Extent.ftl"
